<?xml version="1.0" encoding="UTF-8"?>
<testng-results ignored="0" total="1" passed="1" failed="0" skipped="0">
  <reporter-output>
  </reporter-output>
  <suite started-at="2020-03-03T23:13:06 IST" name="Default suite" finished-at="2020-03-03T23:13:06 IST" duration-ms="263">
    <groups>
    </groups>
    <test started-at="2020-03-03T23:13:06 IST" name="Default test" finished-at="2020-03-03T23:13:06 IST" duration-ms="263">
      <class name="com.qa.tests.CreateEmployeeJson">
        <test-method signature="createEmployeeJson()[pri:0, instance:com.qa.tests.CreateEmployeeJson@7d3a22a9]" started-at="2020-03-03T23:13:06 IST" name="createEmployeeJson" finished-at="2020-03-03T23:13:06 IST" duration-ms="201" status="PASS">
          <reporter-output>
          </reporter-output>
        </test-method> <!-- createEmployeeJson -->
      </class> <!-- com.qa.tests.CreateEmployeeJson -->
    </test> <!-- Default test -->
  </suite> <!-- Default suite -->
</testng-results>
